*----------------------------------------------------------------------------------------
*	Encounter 10.13-s272_1 (32bit) 04/18/2012 16:36 (Linux 2.6)
*	
*
* 	Date & Time:	2017-Jan-01 17:33:18 (2017-Jan-01 09:33:18 GMT)
*
*----------------------------------------------------------------------------------------
*
*	Design: CHIP
*
*	Liberty Libraries used: 
*	        library/lib/slow.lib
*	        library/lib/RF2SH64x16_slow_syn.lib
*	        library/lib/tpz013g3wc.lib
*
*	Power Domain used: 
*		Rail:        VDD 	Voltage:       1.08 
*
*	DEF Files used: 
*	        finish.enc.dat/CHIP.def.gz
*
*       Power View : av_func_mode_max
*
*       User-Defined Activity : N.A.
*
*       Activity File: N.A.
*
*       Hierarchical Global Activity: N.A.
*
*       Global Activity: N.A.
*
*       Sequential Element Activity: N.A.
*
*       Clock Gates Output Activity: N.A.
*
*       Clock Gates Enable Activity: N.A.
*
*       Primary Input Activity: 0.200000
*
*	Power Units = 1mW
*
*	Time Units = 1e-09 secs 
*
*       Temperature = 125 
*
*       report_power -outfile .//CHIP.rpt -rail_analysis_format VS
*
-----------------------------------------------------------------------------------------
Cell                            Internal   Switching       Total     Leakage   Cell
                                   Power       Power       Power       Power   Name
--------------------------------------------------------------------------------------
opad_freq3                         1.518     0.01166        1.53           0  PDO12CDG
opad_freq2                         1.518     0.01166        1.53           0  PDO12CDG
opad_freq1                         1.518     0.01166        1.53           0  PDO12CDG
opad_freq0                         1.518     0.01166        1.53           0  PDO12CDG
ipad_clk                           1.467    0.008141       1.475           0  PDIDGZ
opad_done                         0.1224   0.0009391      0.1233           0  PDO12CDG
ipad_val                         0.08628    0.001862     0.08814           0  PDIDGZ
ipad_rst                         0.08479   0.0003069     0.08509           0  PDIDGZ
ipad_dat00                       0.08452           0     0.08452           0  PDIDGZ
ipad_dat01                       0.08452           0     0.08452           0  PDIDGZ
ipad_dat02                       0.08452           0     0.08452           0  PDIDGZ
ipad_dat03                       0.08452           0     0.08452           0  PDIDGZ
ipad_dat04                       0.08452           0     0.08452           0  PDIDGZ
ipad_dat05                       0.08452           0     0.08452           0  PDIDGZ
ipad_dat06                       0.08452           0     0.08452           0  PDIDGZ
ipad_dat07                       0.08452           0     0.08452           0  PDIDGZ
ipad_dat08                       0.08452           0     0.08452           0  PDIDGZ
ipad_dat09                       0.08452           0     0.08452           0  PDIDGZ
ipad_dat10                       0.08452           0     0.08452           0  PDIDGZ
ipad_dat11                       0.08452           0     0.08452           0  PDIDGZ
ipad_dat12                       0.08452           0     0.08452           0  PDIDGZ
ipad_dat13                       0.08452           0     0.08452           0  PDIDGZ
ipad_dat14                       0.08452           0     0.08452           0  PDIDGZ
ipad_dat15                       0.08452           0     0.08452           0  PDIDGZ
clk_i__L2_I0                    0.003471     0.01145     0.01496   4.407e-05  CLKINVX20
clk_i__L1_I0                    0.003513     0.00874      0.0123   4.407e-05  CLKINVX20
fas/counter_reg_0_              0.001162   0.0001093    0.001301   2.968e-05  DFFRX1
fas/counter_reg_1_              0.001152    7.32e-05    0.001255   2.968e-05  DFFRX1
fas/counter_reg_2_              0.001125   6.076e-05    0.001215   2.968e-05  DFFRX1
fas/counter_reg_3_              0.001115   5.529e-05      0.0012   2.968e-05  DFFRX1
fas/counter_reg_10_             0.001098   4.609e-05    0.001174   2.968e-05  DFFRX1
fas/counter_reg_5_              0.001103   4.113e-05    0.001173   2.968e-05  DFFRX1
fas/counter_reg_6_              0.001101    4.05e-05    0.001171   2.968e-05  DFFRX1
fas/counter_reg_4_              0.001105   3.646e-05    0.001171   2.968e-05  DFFRX1
fas/counter_reg_15_             0.001098   4.085e-05    0.001168   2.968e-05  DFFRX1
fas/counter_reg_14_             0.001098   3.449e-05    0.001162   2.968e-05  DFFRX1
fas/counter_reg_9_              0.001098   3.329e-05    0.001161   2.968e-05  DFFRX1
fas/counter_reg_7_              0.001099   3.134e-05     0.00116   2.968e-05  DFFRX1
fas/counter_reg_12_             0.001097     3.1e-05    0.001158   2.968e-05  DFFRX1
fas/counter_reg_11_             0.001097   3.071e-05    0.001158   2.968e-05  DFFRX1
fas/counter_reg_13_             0.001097   3.066e-05    0.001158   2.968e-05  DFFRX1
fas/counter_reg_8_              0.001098   2.809e-05    0.001155   2.968e-05  DFFRX1
fas/done_reg                    0.001051   1.911e-05      0.0011   2.968e-05  DFFRX1
fas/U1947                      6.973e-05   0.0007867   0.0008645   8.017e-06  CLKBUFX3
fas/U1431                       2.33e-05   0.0008136   0.0008401   3.221e-06  CLKINVX3
fas/U2332                      7.458e-05   0.0005547   0.0006373   8.017e-06  CLKBUFX3
fas/U1817                      7.448e-05   0.0005304   0.0006129   8.017e-06  CLKBUFX3
fas/U1958                      7.139e-05   0.0004629   0.0005423   8.017e-06  CLKBUFX3
fas/U1951                      7.273e-05   0.0003924   0.0004731   8.017e-06  CLKBUFX3
fas/U1818                       7.62e-05   0.0002816   0.0003659   8.017e-06  CLKBUFX3
fas/U1435                      6.342e-06   0.0001549   0.0001658   4.529e-06  INVX4
fas/U1528                      7.171e-05   7.057e-05   0.0001503   8.017e-06  CLKBUFX3
fas/FE_OFC0_N2363              1.084e-05   0.0001238   0.0001426   8.017e-06  CLKBUFX3
fas/add_271/U1_1_1             4.618e-05   3.856e-05   0.0001047   2.001e-05  ADDHXL
fas/U2833                      7.897e-05   1.877e-05   0.0001045   6.712e-06  AND2X2
fas/U1972                      7.561e-05   1.803e-05   0.0001004   6.712e-06  AND2X2
fas/U2905                      4.735e-05    2.95e-05   8.068e-05    3.83e-06  NAND4X1
fas/add_271/U1_1_2             3.213e-05   2.813e-05   8.027e-05   2.001e-05  ADDHXL
fas/U2901                      4.437e-05   2.397e-05   7.143e-05   3.094e-06  AOI211X1
fas/add_271/U1_1_3              2.98e-05   1.881e-05   6.862e-05   2.001e-05  ADDHXL
fas/U2902                      3.224e-05   2.958e-05   6.349e-05   1.676e-06  NOR3X1
fas/U1971                      4.724e-05   9.154e-06    6.31e-05   6.712e-06  AND2X2
fas/add_271/U1_1_4             2.474e-05    1.64e-05   6.115e-05   2.001e-05  ADDHXL
fas/add_271/U1_1_14            2.186e-05   1.924e-05   6.111e-05   2.001e-05  ADDHXL
fas/U2899                      3.827e-05   1.868e-05   6.062e-05   3.669e-06  AOI31X1
fas/add_271/U1_1_12            2.187e-05   1.781e-05   5.968e-05   2.001e-05  ADDHXL
fas/add_271/U1_1_11            2.189e-05   1.718e-05   5.907e-05   2.001e-05  ADDHXL
fas/add_271/U1                 2.885e-05   1.309e-05   5.901e-05   1.707e-05  XOR2X1
fas/add_271/U1_1_8             2.215e-05   1.369e-05   5.585e-05   2.001e-05  ADDHXL
fas/add_271/U1_1_5             2.356e-05   1.215e-05   5.571e-05   2.001e-05  ADDHXL
fas/add_271/U1_1_7             2.243e-05   1.313e-05   5.557e-05   2.001e-05  ADDHXL
fas/add_271/U1_1_10            2.202e-05   1.315e-05   5.518e-05   2.001e-05  ADDHXL
fas/add_271/U1_1_9             2.204e-05   1.223e-05   5.427e-05   2.001e-05  ADDHXL
fas/add_271/U1_1_13            2.187e-05   1.224e-05   5.411e-05   2.001e-05  ADDHXL
fas/U2903                      3.357e-05   1.866e-05   5.391e-05   1.676e-06  NOR3X1
fas/add_271/U1_1_6             2.294e-05   1.069e-05   5.364e-05   2.001e-05  ADDHXL
fas/U1976                      3.939e-05   5.415e-06   5.151e-05   6.712e-06  AND2X2
fas/U2904                      3.286e-05   1.629e-05   5.083e-05   1.676e-06  NOR3X1
fas/U1977                      3.071e-05    1.23e-05   4.972e-05   6.712e-06  AND2X2
fas/U1979                      3.072e-05   1.188e-05   4.932e-05   6.712e-06  AND2X2
fas/U1973                       3.07e-05   1.133e-05   4.875e-05   6.712e-06  AND2X2
fas/U1978                      3.344e-05   7.559e-06   4.771e-05   6.712e-06  AND2X2
fas/U1975                      3.059e-05   9.486e-06   4.679e-05   6.712e-06  AND2X2
fas/U1980                      3.062e-05   9.341e-06   4.667e-05   6.712e-06  AND2X2
fas/U1982                      3.099e-05    8.89e-06   4.659e-05   6.712e-06  AND2X2
fas/U1981                      3.075e-05   8.886e-06   4.634e-05   6.712e-06  AND2X2
fas/U1969                      3.184e-05   5.664e-06   4.422e-05   6.712e-06  AND2X2
fas/U2363                      3.013e-05   7.144e-06   4.399e-05   6.712e-06  AND2X2
fas/add_271/U2                 1.815e-05    2.35e-05   4.312e-05   1.472e-06  CLKINVX1
fas/U1970                      3.115e-05   5.065e-06   4.293e-05   6.712e-06  AND2X2
fas/U1974                      3.017e-05   4.886e-06   4.177e-05   6.712e-06  AND2X2
fas/U2900                       7.42e-06   5.254e-06   1.936e-05   6.687e-06  NOR2BX1
fas/U2890                      8.621e-06   5.147e-06   1.668e-05   2.916e-06  NAND3X1
fas/U2889                      6.757e-06   2.565e-06     1.1e-05   1.676e-06  NOR3X1

---------------------------------------------------------------------------------------

Total (     94 of    125  )        9.213     0.08359      9.298    0.001098
Total Capacitance                7.221e-12 F
Power Density                   *** No Die Area ***
