/usr/cad/synopsys/synthesis/cur/auxx/gui/dv/dv_setup.tcl
/usr/cad/synopsys/synthesis/cur/auxx/gui/syn/snpsSynProcs.tcl
/usr/cad/synopsys/synthesis/cur/auxx/tcllib/lib/tcl8.4/package.tcl
/usr/cad/synopsys/synthesis/cur/auxx/gui/syn/layout/pkgIndex.tcl
/usr/cad/synopsys/synthesis/cur/auxx/gui/common/WindowFrameWork/pkgIndex.tcl
/usr/cad/synopsys/synthesis/cur/auxx/gui/common/dialogs/pkgIndex.tcl
/usr/cad/synopsys/synthesis/cur/auxx/gui/common/docBrowser/pkgIndex.tcl
/usr/cad/synopsys/synthesis/cur/auxx/gui/common/fanoutviewer/pkgIndex.tcl
/usr/cad/synopsys/synthesis/cur/auxx/gui/common/hierarchy/pkgIndex.tcl
/usr/cad/synopsys/synthesis/cur/auxx/gui/common/highlight/pkgIndex.tcl
/usr/cad/synopsys/synthesis/cur/auxx/gui/common/histogram/pkgIndex.tcl
/usr/cad/synopsys/synthesis/cur/auxx/gui/common/layout/pkgIndex.tcl
/usr/cad/synopsys/synthesis/cur/auxx/gui/common/libviewer/pkgIndex.tcl
/usr/cad/synopsys/synthesis/cur/auxx/gui/common/menus/pkgIndex.tcl
/usr/cad/synopsys/synthesis/cur/auxx/gui/common/misc/pkgIndex.tcl
/usr/cad/synopsys/synthesis/cur/auxx/gui/common/opdlg/pkgIndex.tcl
/usr/cad/synopsys/synthesis/cur/auxx/gui/common/pathinspector/pkgIndex.tcl
/usr/cad/synopsys/synthesis/cur/auxx/gui/common/profiler/pkgIndex.tcl
/usr/cad/synopsys/synthesis/cur/auxx/gui/common/qtcl/pkgIndex.tcl
/usr/cad/synopsys/synthesis/cur/auxx/gui/common/regressionToolkit/pkgIndex.tcl
/usr/cad/synopsys/synthesis/cur/auxx/gui/common/schematic/pkgIndex.tcl
/usr/cad/synopsys/synthesis/cur/auxx/gui/common/select/pkgIndex.tcl
/usr/cad/synopsys/synthesis/cur/auxx/gui/common/setup/pkgIndex.tcl
/usr/cad/synopsys/synthesis/cur/auxx/gui/common/strokes/pkgIndex.tcl
/usr/cad/synopsys/synthesis/cur/auxx/gui/common/table/pkgIndex.tcl
/usr/cad/synopsys/synthesis/cur/auxx/gui/common/tcl-dp/pkgIndex.tcl
/usr/cad/synopsys/synthesis/cur/auxx/gui/common/view/pkgIndex.tcl
/usr/cad/synopsys/synthesis/cur/auxx/tcllib/snps_tcl/snpsTclPro/pkgIndex.tcl
/usr/cad/synopsys/synthesis/cur/auxx/tcllib/snps_tcl/snpsTest/pkgIndex.tcl
/usr/cad/synopsys/synthesis/cur/auxx/tcllib/snps_tcl/snpsUtils/pkgIndex.tcl
/usr/cad/synopsys/synthesis/cur/auxx/tcllib/snps_tcl/pkgIndex.tcl
/usr/cad/synopsys/synthesis/cur/auxx/tcllib/lib/tcl8.4/dde/pkgIndex.tcl
/usr/cad/synopsys/synthesis/cur/auxx/tcllib/lib/tcl8.4/http/pkgIndex.tcl
/usr/cad/synopsys/synthesis/cur/auxx/tcllib/lib/tcl8.4/http1.0/pkgIndex.tcl
/usr/cad/synopsys/synthesis/cur/auxx/tcllib/lib/tcl8.4/msgcat/pkgIndex.tcl
/usr/cad/synopsys/synthesis/cur/auxx/tcllib/lib/tcl8.4/opt/pkgIndex.tcl
/usr/cad/synopsys/synthesis/cur/auxx/tcllib/lib/tcl8.4/reg/pkgIndex.tcl
/usr/cad/synopsys/synthesis/cur/auxx/tcllib/lib/tcl8.4/tcltest/pkgIndex.tcl
/usr/cad/synopsys/synthesis/cur/auxx/gui/common/setup/snpsCommonSetup.tcl
/usr/cad/synopsys/synthesis/cur/auxx/gui/common/setup/snpsCustomize.tcl
/usr/cad/synopsys/synthesis/cur/auxx/gui/common/setup/snpsProcheck.tcl
/usr/cad/synopsys/synthesis/cur/auxx/gui/common/qtcl/.synopsys_qtcl.tcl
/usr/cad/synopsys/synthesis/cur/auxx/gui/common/highlight/highlight.tcl
/usr/cad/synopsys/synthesis/cur/auxx/gui/common/misc/base.tcl
/usr/cad/synopsys/synthesis/cur/auxx/gui/common/misc/timing.tcl
/usr/cad/synopsys/synthesis/cur/auxx/gui/common/misc/setting.tcl
/usr/cad/synopsys/synthesis/cur/auxx/gui/common/docBrowser/docBrowser.tcl
/usr/cad/synopsys/synthesis/cur/auxx/tcllib/snps_tcl/snpsUtils/snpsUtils.tcl
/usr/cad/synopsys/synthesis/cur/auxx/gui/common/WindowFrameWork/windowFrameWork.tcl
/usr/cad/synopsys/synthesis/cur/auxx/gui/common/WindowFrameWork/skipBusyCursorCmdList.tcl
/usr/cad/synopsys/synthesis/cur/auxx/gui/common/dialogs/ObjectChooser.tcl
/usr/cad/synopsys/synthesis/cur/auxx/gui/common/misc/DialogObjectChooser.tcl
/usr/cad/synopsys/synthesis/cur/auxx/gui/common/dialogs/HistBinInformation.tcl
/usr/cad/synopsys/synthesis/cur/auxx/gui/common/dialogs/HistBin1Information.tcl
/usr/cad/synopsys/synthesis/cur/auxx/gui/common/dialogs/BinsOnlyInformation.tcl
/usr/cad/synopsys/synthesis/cur/auxx/gui/common/dialogs/FileChooser.tcl
/usr/cad/synopsys/synthesis/cur/auxx/gui/common/dialogs/PathPinSimpleInfo.tcl
/usr/cad/synopsys/synthesis/cur/auxx/gui/common/dialogs/PathsBasicInfo.tcl
/usr/cad/synopsys/synthesis/cur/auxx/gui/common/dialogs/PathsBasicSimpleInfo.tcl
/usr/cad/synopsys/synthesis/cur/auxx/gui/common/dialogs/SlctOperationInfo.tcl
/usr/cad/synopsys/synthesis/cur/auxx/gui/common/dialogs/ObjectListInfo.tcl
/usr/cad/synopsys/synthesis/cur/auxx/gui/common/dialogs/FanInOutInfo.tcl
/usr/cad/synopsys/synthesis/cur/auxx/gui/common/dialogs/NumberOfLevelsChooser.tcl
/usr/cad/synopsys/synthesis/cur/auxx/gui/common/dialogs/WindowReuseInfo.tcl
/usr/cad/synopsys/synthesis/cur/auxx/gui/common/dialogs/ReportOutputOptionInfo.tcl
/usr/cad/synopsys/synthesis/cur/auxx/gui/common/setup/snpsCollections.tcl
/usr/cad/synopsys/synthesis/cur/auxx/gui/common/dialogs/CompileLinkDesign.tcl
/usr/cad/synopsys/synthesis/cur/auxx/gui/common/histogram/DialogEndpointSlack.tcl
/usr/cad/synopsys/synthesis/cur/auxx/gui/common/histogram/DialogPathsSlack.tcl
/usr/cad/synopsys/synthesis/cur/auxx/gui/common/histogram/DialogNetCapacitance.tcl
/usr/cad/synopsys/synthesis/cur/auxx/gui/common/schematic/DialogPathSchematicFanInOut.tcl
/usr/cad/synopsys/synthesis/cur/auxx/gui/common/schematic/DialogPathSchematicAddPaths.tcl
/net/home/ywtseng/cvsd/hw6/main.tcl
/usr/cad/synopsys/synthesis/cur/libraries/syn/dw_foundation.sldb
/net/home/ywtseng/cvsd/hw6/typical.db
/net/home/ywtseng/cvsd/hw6/slow.db
/net/home/ywtseng/cvsd/hw6/fast.db
/usr/cad/synopsys/synthesis/cur/libraries/syn/gtech.db
/usr/cad/synopsys/synthesis/cur/libraries/syn/standard.sldb
/net/home/ywtseng/cvsd/hw6/FAS.v
/net/home/ywtseng/cvsd/hw6/dat/FIR_coefficient.dat
/net/home/ywtseng/cvsd/hw6/FAS_syn.sdc
/home/ywtseng/synopsys_cache_D-2010.03-SP5/DW01/DW01_add/rpl/32/typical_1251/element.ddc
/home/ywtseng/synopsys_cache_D-2010.03-SP5/DW01/DW01_sub/rpl/32/typical_1251/element.ddc
/home/ywtseng/synopsys_cache_D-2010.03-SP5/DW01/DW01_add/rpl/16/typical_1251/element.ddc
/home/ywtseng/synopsys_cache_D-2010.03-SP5/DW01/DW01_sub/rpl/16/typical_1251/element.ddc
/home/ywtseng/synopsys_cache_D-2010.03-SP5/DW01/DW01_inc/rpl/16/typical_1251/element.ddc
/home/ywtseng/synopsys_cache_D-2010.03-SP5/DW01/DW01_add/rpl/36/typical_1251/element.ddc
/home/ywtseng/synopsys_cache_D-2010.03-SP5/DW01/DW01_inc/rpl/6/typical_1251/element.ddc
/home/ywtseng/synopsys_cache_D-2010.03-SP5/DW02/DW_mult_tc/apparch/16/15/typical_1251_489_7363/element.ddc
/home/ywtseng/synopsys_cache_D-2010.03-SP5/DW02/DW_mult_tc/apparch/16/14/typical_1251_489_7363/element.ddc
/home/ywtseng/synopsys_cache_D-2010.03-SP5/DW02/DW_mult_tc/apparch/16/13/typical_1251_489_7363/element.ddc
/home/ywtseng/synopsys_cache_D-2010.03-SP5/DW02/DW_mult_tc/apparch/16/11/typical_1251_489_7363/element.ddc
/home/ywtseng/synopsys_cache_D-2010.03-SP5/DW02/DW_mult_tc/apparch/16/12/typical_1251_489_7363/element.ddc
/home/ywtseng/synopsys_cache_D-2010.03-SP5/DW02/DW_mult_tc/apparch/16/6/typical_1251_489_7363/element.ddc
/home/ywtseng/synopsys_cache_D-2010.03-SP5/DW02/DW_mult_tc/apparch/16/10/typical_1251_489_7363/element.ddc
/home/ywtseng/synopsys_cache_D-2010.03-SP5/DW02/DW_mult_tc/apparch/16/7/typical_1251_489_7363/element.ddc
/home/ywtseng/synopsys_cache_D-2010.03-SP5/DW02/DW_mult_tc/apparch/16/8/typical_1251_489_7363/element.ddc
/home/ywtseng/synopsys_cache_D-2010.03-SP5/DW02/DW_mult_tc/apparch/16/16/typical_1251_489_7363/element.ddc
/home/ywtseng/synopsys_cache_D-2010.03-SP5/DW01/DW01_add/rpl/32/typical_1251_489_7363/element.ddc
/home/ywtseng/synopsys_cache_D-2010.03-SP5/DW02/DW_mult_uns/apparch/16/1/typical_1251_489_7363/element.ddc
/home/ywtseng/synopsys_cache_D-2010.03-SP5/DW01/DW01_add/rpl/16/typical_1251_489_7363/element.ddc
/home/ywtseng/synopsys_cache_D-2010.03-SP5/DW01/DW01_sub/rpl/16/typical_1251_489_7363/element.ddc
/home/ywtseng/synopsys_cache_D-2010.03-SP5/DW02/DW_mult_tc/apparch/16/32/typical_1251_489_7363/element.ddc
/home/ywtseng/synopsys_cache_D-2010.03-SP5/DW01/DW01_sub/rpl/32/typical_1251_489_7363/element.ddc
/home/ywtseng/synopsys_cache_D-2010.03-SP5/DW02/DW_mult_uns/apparch/32/1/typical_1251_489_7363/element.ddc
/net/home/ywtseng/cvsd/hw6/typical.db
/net/home/ywtseng/cvsd/hw6/slow.db
/net/home/ywtseng/cvsd/hw6/fast.db
/net/home/ywtseng/cvsd/hw6/typical.db
