Checking out Encounter license ...
Encounter_Digital_Impl_Sys_XL 10.1 license checkout succeeded.
You can run 2 CPU jobs with the base license that is currently checked out.
If required, use the setMultiCpuUsage command to enable multi-CPU processing.
This Encounter release has been compiled with OA version 22.04-p013.

*******************************************************************
*   Copyright (c)  Cadence Design Systems, Inc.  1996 - 2011.     *
*                     All rights reserved.                        *
*                                                                 *
*                                                                 *
*                                                                 *
* This program contains confidential and trade secret information *
* of Cadence Design Systems, Inc. and is protected by copyright   *
* law and international treaties.  Any reproduction, use,         *
* distribution or disclosure of this program or any portion of it,*
* or any attempt to obtain a human-readable version of this       *
* program, without the express, prior written consent of          *
* Cadence Design Systems, Inc., is strictly prohibited.           *
*                                                                 *
*                 Cadence Design Systems, Inc.                    *
*                    2655 Seely Avenue                            *
*                   San Jose, CA 95134,  USA                      *
*                                                                 *
*                                                                 *
*******************************************************************

@(#)CDS: Encounter v10.13-s272_1 (32bit) 04/18/2012 16:36 (Linux 2.6)
@(#)CDS: NanoRoute v10.13-s027 NR120403-1008/10_10_USR3-UB (database version 2.30, 132.4.1) {superthreading v1.16}
@(#)CDS: CeltIC v10.13-s063_1 (32bit) 02/29/2012 09:38:16 (Linux 2.6.9-89.0.19.ELsmp)
@(#)CDS: AAE 10.13-s008 (32bit) 04/18/2012 (Linux 2.6.9-89.0.19.ELsmp)
@(#)CDS: CTE 10.13-s018_1 (32bit) Feb 28 2012 22:08:25 (Linux 2.6.9-89.0.19.ELsmp)
@(#)CDS: CPE v10.13-s225
--- Starting "Encounter v10.13-s272_1" on Fri Jan  6 17:22:21 2017 (mem=46.1M) ---
--- Running on eda25 (x86_64 w/Linux 3.12.21-gentoo-r1) ---
This version was compiled on Wed Apr 18 16:36:14 PDT 2012.
Set DBUPerIGU to 1000.
Set net toggle Scale Factor to 1.00
Set Shrink Factor to 1.00000
<CMD> win
*** Memory pool thread-safe mode activated.
<CMD> getenv ENCOUNTER_CONFIG_RELATIVE_CWD
<CMD> setDoAssign
<CMD> getIoFlowFlag
<CMD_INTERNAL> setUIVar rda_Input ui_gndnet VSS
<CMD_INTERNAL> setUIVar rda_Input ui_leffile {library/lef/tsmc13fsg_8lm_cic.lef library/lef/tpz013g3_8lm_cic.lef library/lef/RF2SH64x16.vclef library/lef/antenna_8.lef}
<CMD_INTERNAL> setUIVar rda_Input ui_netlist LZSS_syn.v
<CMD_INTERNAL> setUIVar rda_Input ui_io_file CHIP.ioc
<CMD_INTERNAL> setUIVar rda_Input ui_pwrnet VDD
<CMD> create_rc_corner -name RC_corner -cap_table {library/tsmc013.capTbl} -preRoute_res {1.0} -preRoute_cap {1.0} -preRoute_clkres {0.0} -preRoute_clkcap {0.0} -postRoute_res {1.0} -postRoute_cap {1.0} -postRoute_xcap {1.0} -postRoute_clkres {0.0} -postRoute_clkcap {0.0} -qx_tech_file {library/tsmc13_8lm.cl/icecaps_8lm.tch}
<CMD> create_library_set -name lib_max -timing {library/lib/slow.lib library/lib/RF2SH64x16_slow_syn.lib library/lib/tpz013g3wc.lib} -si {library/celtic/slow.cdB}
<CMD> create_library_set -name lib_min -timing {library/lib/fast.lib library/lib/RF2SH64x16_fast@0C_syn.lib library/lib/tpz013g3lt.lib} -si {library/celtic/fast.cdB}
<CMD> create_constraint_mode -name func_mode -sdc_files {LZSS_DC.sdc}
<CMD> create_constraint_mode -name scan_mode -sdc_files {CHIP_scan_ideal.sdc}
<CMD> create_delay_corner -name Delay_Corner_max -library_set {lib_max} -rc_corner {RC_corner}
<CMD> create_delay_corner -name Delay_Corner_min -library_set {lib_min} -rc_corner {RC_corner}
<CMD> create_analysis_view -name av_func_mode_max -constraint_mode {func_mode} -delay_corner {Delay_Corner_max}
<CMD> create_analysis_view -name av_func_mode_min -constraint_mode {func_mode} -delay_corner {Delay_Corner_min}
<CMD> create_analysis_view -name av_scan_mode_max -constraint_mode {scan_mode} -delay_corner {Delay_Corner_max}
<CMD> create_analysis_view -name av_scan_mode_min -constraint_mode {scan_mode} -delay_corner {Delay_Corner_min}
<CMD> set_analysis_view -setup {av_func_mode_max av_scan_mode_max} -hold {av_func_mode_min av_scan_mode_min}
<CMD> commitConfig
**ERROR: **ERROR: (ENCVL-901):	Please enter top cell name.

<CMD> getenv ENCOUNTER_CONFIG_RELATIVE_CWD
<CMD> setDoAssign
<CMD> getIoFlowFlag
<CMD_INTERNAL> setUIVar rda_Input ui_gndnet VSS
<CMD_INTERNAL> setUIVar rda_Input ui_timingcon_file LZSS_DC.sdc
<CMD_INTERNAL> setUIVar rda_Input ui_leffile {library/lef/tsmc13fsg_8lm_cic.lef library/lef/tpz013g3_8lm_cic.lef library/lef/RF2SH64x16.vclef library/lef/antenna_8.lef}
<CMD_INTERNAL> setUIVar rda_Input ui_timelib {library/lib/slow.lib library/lib/RF2SH64x16_slow_syn.lib library/lib/tpz013g3wc.lib}
<CMD_INTERNAL> setUIVar rda_Input ui_netlist LZSS_syn.v
<CMD_INTERNAL> setUIVar rda_Input ui_io_file CHIP.ioc
<CMD_INTERNAL> setUIVar rda_Input ui_topcell CHIP
<CMD_INTERNAL> setUIVar rda_Input ui_captbl_file library/tsmc013.capTbl
<CMD_INTERNAL> setUIVar rda_Input ui_pwrnet VDD
<CMD_INTERNAL> setUIVar rda_Input ui_gndnet VSS
<CMD_INTERNAL> setUIVar rda_Input ui_timingcon_file LZSS_DC.sdc
<CMD_INTERNAL> setUIVar rda_Input ui_leffile {library/lef/tsmc13fsg_8lm_cic.lef library/lef/tpz013g3_8lm_cic.lef library/lef/RF2SH64x16.vclef library/lef/antenna_8.lef}
<CMD_INTERNAL> setUIVar rda_Input ui_timelib {library/lib/slow.lib library/lib/RF2SH64x16_slow_syn.lib library/lib/tpz013g3wc.lib}
<CMD_INTERNAL> setUIVar rda_Input ui_netlist LZSS_syn.v
<CMD_INTERNAL> setUIVar rda_Input ui_io_file CHIP.ioc
<CMD_INTERNAL> setUIVar rda_Input ui_topcell CHIP
<CMD_INTERNAL> setUIVar rda_Input ui_captbl_file library/tsmc013.capTbl
<CMD_INTERNAL> setUIVar rda_Input ui_pwrnet VDD
<CMD> loadConfig CHIP.conf 0
Reading config file - CHIP.conf

*** Memory Usage v#1 (Current mem = 219.219M, initial mem = 46.102M) ***
--- Ending "Encounter" (totcpu=0:01:31, real=0:06:30, mem=219.2M) ---
