
********************************************************************************
Product   : Virtuoso(R) STREAM In
Program   : @(#)$CDS: pipo.exe version 5.1.0 11/22/2011 01:41 (cicln04) $
SubVersion: sub-version 5.10.41.500.6.151
Started at: 06-Jan-2017  20:12:24
User Name : ywtseng
Host Name : eda25
Directory : /net/home/ywtseng/cvsd/final
CADENCE Design Systems, Inc.
********************************************************************************

Stream file   : /net/home/ywtseng/cvsd/final_drc/CHIP.gds

Reading Stream File ...
VERSION      : 5
MODIFICATION : Fri Jan  6 20:00:11 2017
ACCESS       : Fri Jan  6 20:00:11 2017
WARNING (158): Years in non-standard four-digit format encountered in the Stream file.
GDS LIBRARY  : DesignLib
U-UNIT/DBU   : 0.001000000000
METRIC/DBU   : 0.000000001000

TARGET LIBRARY PATH: /net/home/ywtseng/cvsd/final/CHIP

     1. scanning cellview (CHIP layout)
     2. scanning cellview (VIA34_X layout)
     3. scanning cellview (VIA12_X layout)
     4. scanning cellview (VIA23_TOS layout)
     5. scanning cellview (VIA67_TOS layout)
     6. scanning cellview (VIA45_X layout)
     7. scanning cellview (VIA23_X layout)
     8. scanning cellview (VIA45_TOS layout)
     9. scanning cellview (VIA78_H layout)
    10. scanning cellview (VIA67_X layout)
    11. scanning cellview (VIA56_X layout)
    12. scanning cellview (VIA56_TOS_W layout)
    13. scanning cellview (VIA12_V layout)
    14. scanning cellview (VIA12_H layout)
    15. scanning cellview (VIA23_V layout)
    16. scanning cellview (VIA12_XR layout)
    17. scanning cellview (VIA56_TOS_E layout)
    18. scanning cellview (VIA34_TOS_E layout)
    19. scanning cellview (VIA67_V layout)
    20. scanning cellview (VIA23_H layout)
    21. scanning cellview (VIA45_V layout)
    22. scanning cellview (VIA34_TOS_W layout)
    23. scanning cellview (VIA34_H layout)
    24. scanning cellview (VIA56_H layout)
    25. scanning cellview (VIA23_XR layout)
    26. scanning cellview (CHIP_VIA0 layout)
    27. scanning cellview (CHIP_VIA1 layout)
    28. scanning cellview (CHIP_VIA2 layout)
    29. scanning cellview (CHIP_VIA3 layout)
    30. scanning cellview (CHIP_VIA4 layout)
    31. scanning cellview (CHIP_VIA5 layout)
    32. scanning cellview (CHIP_VIA6 layout)
    33. scanning cellview (CHIP_VIA7 layout)
    34. scanning cellview (CHIP_VIA8 layout)
    35. scanning cellview (CHIP_VIA9 layout)
    36. scanning cellview (CHIP_VIA10 layout)
    37. scanning cellview (CHIP_VIA11 layout)
    38. scanning cellview (CHIP_VIA12 layout)
    39. scanning cellview (CHIP_VIA13 layout)
    40. scanning cellview (CHIP_VIA14 layout)
    41. scanning cellview (CHIP_VIA15 layout)
    42. scanning cellview (CHIP_VIA16 layout)
    43. scanning cellview (CHIP_VIA17 layout)
    44. scanning cellview (CHIP_VIA18 layout)
    45. scanning cellview (CHIP_VIA19 layout)
    46. scanning cellview (CHIP_VIA20 layout)
    47. scanning cellview (CHIP_VIA21 layout)
    48. scanning cellview (CHIP_VIA22 layout)
    49. scanning cellview (CHIP_VIA23 layout)
    50. scanning cellview (CHIP_VIA24 layout)
    51. scanning cellview (CHIP_VIA25 layout)
    52. scanning cellview (PADIZ40 layout)
    53. scanning cellview (PADOZ40 layout)
    54. scanning cellview (PCORNERDGZ layout)
    55. scanning cellview (PDIDGZ layout)
    56. scanning cellview (PDO12CDG layout)
    57. scanning cellview (PFEED0_005Z layout)
    58. scanning cellview (PFEED0_01Z layout)
    59. scanning cellview (PFEED0_1Z layout)
    60. scanning cellview (PFEED10Z layout)
    61. scanning cellview (PFEED1Z layout)
    62. scanning cellview (PVDD1DGZ layout)
    63. scanning cellview (PVDD2DGZ layout)
    64. scanning cellview (PVDD2POC layout)
    65. scanning cellview (PVSS1DGZ layout)
    66. scanning cellview (PVSS2DGZ layout)
    67. scanning cellview (ADDHXL layout)
    68. scanning cellview (AND2X1 layout)
    69. scanning cellview (AND2X2 layout)
    70. scanning cellview (AND2X4 layout)
    71. scanning cellview (AND2XL layout)
    72. scanning cellview (AND3X2 layout)
    73. scanning cellview (AND3X4 layout)
    74. scanning cellview (AND3X6 layout)
    75. scanning cellview (AND3X8 layout)
    76. scanning cellview (AND3XL layout)
    77. scanning cellview (AND4X1 layout)
    78. scanning cellview (AND4X2 layout)
    79. scanning cellview (AND4X4 layout)
    80. scanning cellview (AND4XL layout)
    81. scanning cellview (ANTENNA layout)
    82. scanning cellview (AO21X1 layout)
    83. scanning cellview (AO21X2 layout)
    84. scanning cellview (AO21X4 layout)
    85. scanning cellview (AO21XL layout)
    86. scanning cellview (AO22X1 layout)
    87. scanning cellview (AOI211X1 layout)
    88. scanning cellview (AOI211X2 layout)
    89. scanning cellview (AOI211X4 layout)
    90. scanning cellview (AOI211XL layout)
    91. scanning cellview (AOI21X1 layout)
    92. scanning cellview (AOI21X2 layout)
    93. scanning cellview (AOI21X4 layout)
    94. scanning cellview (AOI21XL layout)
    95. scanning cellview (AOI221XL layout)
    96. scanning cellview (AOI222X1 layout)
    97. scanning cellview (AOI222XL layout)
    98. scanning cellview (AOI22X1 layout)
    99. scanning cellview (AOI2BB1X1 layout)
   100. scanning cellview (AOI2BB2X1 layout)
   101. scanning cellview (AOI2BB2XL layout)
   102. scanning cellview (AOI31X1 layout)
   103. scanning cellview (AOI31X2 layout)
   104. scanning cellview (AOI31XL layout)
   105. scanning cellview (AOI33X1 layout)
   106. scanning cellview (BUFX12 layout)
   107. scanning cellview (BUFX16 layout)
   108. scanning cellview (BUFX2 layout)
   109. scanning cellview (BUFX20 layout)
   110. scanning cellview (BUFX3 layout)
   111. scanning cellview (BUFX4 layout)
   112. scanning cellview (BUFX6 layout)
   113. scanning cellview (BUFX8 layout)
   114. scanning cellview (CLKAND2X3 layout)
   115. scanning cellview (CLKBUFX12 layout)
   116. scanning cellview (CLKBUFX16 layout)
   117. scanning cellview (CLKBUFX2 layout)
   118. scanning cellview (CLKBUFX20 layout)
   119. scanning cellview (CLKBUFX3 layout)
   120. scanning cellview (CLKBUFX4 layout)
   121. scanning cellview (CLKBUFX6 layout)
   122. scanning cellview (CLKBUFX8 layout)
   123. scanning cellview (CLKINVX1 layout)
   124. scanning cellview (CLKINVX12 layout)
   125. scanning cellview (CLKINVX16 layout)
   126. scanning cellview (CLKINVX2 layout)
   127. scanning cellview (CLKINVX20 layout)
   128. scanning cellview (CLKINVX3 layout)
   129. scanning cellview (CLKINVX4 layout)
   130. scanning cellview (CLKINVX6 layout)
   131. scanning cellview (CLKINVX8 layout)
   132. scanning cellview (DFFRX1 layout)
   133. scanning cellview (DFFRX2 layout)
   134. scanning cellview (DFFRX4 layout)
   135. scanning cellview (DFFSRX1 layout)
   136. scanning cellview (DFFSRX2 layout)
   137. scanning cellview (DFFSRX4 layout)
   138. scanning cellview (DFFSRXL layout)
   139. scanning cellview (FILL1 layout)
   140. scanning cellview (FILL16 layout)
   141. scanning cellview (FILL2 layout)
   142. scanning cellview (FILL32 layout)
   143. scanning cellview (FILL4 layout)
   144. scanning cellview (FILL64 layout)
   145. scanning cellview (FILL8 layout)
   146. scanning cellview (INVX1 layout)
   147. scanning cellview (INVX12 layout)
   148. scanning cellview (INVX16 layout)
   149. scanning cellview (INVX2 layout)
   150. scanning cellview (INVX20 layout)
   151. scanning cellview (INVX3 layout)
   152. scanning cellview (INVX4 layout)
   153. scanning cellview (INVX6 layout)
   154. scanning cellview (INVX8 layout)
   155. scanning cellview (INVXL layout)
   156. scanning cellview (NAND2BX1 layout)
   157. scanning cellview (NAND2BX2 layout)
   158. scanning cellview (NAND2BX4 layout)
   159. scanning cellview (NAND2BXL layout)
   160. scanning cellview (NAND2X1 layout)
   161. scanning cellview (NAND2X2 layout)
   162. scanning cellview (NAND2X4 layout)
   163. scanning cellview (NAND2X6 layout)
   164. scanning cellview (NAND2XL layout)
   165. scanning cellview (NAND3BX1 layout)
   166. scanning cellview (NAND3BX2 layout)
   167. scanning cellview (NAND3BX4 layout)
   168. scanning cellview (NAND3BXL layout)
   169. scanning cellview (NAND3X1 layout)
   170. scanning cellview (NAND3X2 layout)
   171. scanning cellview (NAND3X4 layout)
   172. scanning cellview (NAND3X6 layout)
   173. scanning cellview (NAND3XL layout)
   174. scanning cellview (NAND4BBX1 layout)
   175. scanning cellview (NAND4BBX2 layout)
   176. scanning cellview (NAND4BBXL layout)
   177. scanning cellview (NAND4BX1 layout)
   178. scanning cellview (NAND4BX2 layout)
   179. scanning cellview (NAND4BX4 layout)
   180. scanning cellview (NAND4BXL layout)
   181. scanning cellview (NAND4X1 layout)
   182. scanning cellview (NAND4X2 layout)
   183. scanning cellview (NAND4X4 layout)
   184. scanning cellview (NAND4XL layout)
   185. scanning cellview (NOR2BX1 layout)
   186. scanning cellview (NOR2BX2 layout)
   187. scanning cellview (NOR2BX4 layout)
   188. scanning cellview (NOR2BXL layout)
   189. scanning cellview (NOR2X1 layout)
   190. scanning cellview (NOR2X2 layout)
   191. scanning cellview (NOR2X4 layout)
   192. scanning cellview (NOR2X6 layout)
   193. scanning cellview (NOR2XL layout)
   194. scanning cellview (NOR3BX1 layout)
   195. scanning cellview (NOR3BX2 layout)
   196. scanning cellview (NOR3BX4 layout)
   197. scanning cellview (NOR3BXL layout)
   198. scanning cellview (NOR3X1 layout)
   199. scanning cellview (NOR3X2 layout)
   200. scanning cellview (NOR3X4 layout)
   201. scanning cellview (NOR3XL layout)
   202. scanning cellview (NOR4BBX1 layout)
   203. scanning cellview (NOR4BBX4 layout)
   204. scanning cellview (NOR4BX1 layout)
   205. scanning cellview (NOR4BX2 layout)
   206. scanning cellview (NOR4X1 layout)
   207. scanning cellview (NOR4X2 layout)
   208. scanning cellview (NOR4X4 layout)
   209. scanning cellview (NOR4XL layout)
   210. scanning cellview (OA21X1 layout)
   211. scanning cellview (OA21X2 layout)
   212. scanning cellview (OA21X4 layout)
   213. scanning cellview (OA21XL layout)
   214. scanning cellview (OA22X1 layout)
   215. scanning cellview (OA22X2 layout)
   216. scanning cellview (OA22XL layout)
   217. scanning cellview (OAI211X1 layout)
   218. scanning cellview (OAI211X2 layout)
   219. scanning cellview (OAI211X4 layout)
   220. scanning cellview (OAI211XL layout)
   221. scanning cellview (OAI21X1 layout)
   222. scanning cellview (OAI21X2 layout)
   223. scanning cellview (OAI21X4 layout)
   224. scanning cellview (OAI21XL layout)
   225. scanning cellview (OAI221XL layout)
   226. scanning cellview (OAI222X1 layout)
   227. scanning cellview (OAI222XL layout)
   228. scanning cellview (OAI22X1 layout)
   229. scanning cellview (OAI22XL layout)
   230. scanning cellview (OAI2BB1X1 layout)
   231. scanning cellview (OAI2BB1X2 layout)
   232. scanning cellview (OAI2BB1X4 layout)
   233. scanning cellview (OAI2BB1XL layout)
   234. scanning cellview (OAI2BB2X1 layout)
   235. scanning cellview (OAI2BB2X4 layout)
   236. scanning cellview (OAI31X1 layout)
   237. scanning cellview (OAI31X2 layout)
   238. scanning cellview (OAI31XL layout)
   239. scanning cellview (OAI32X1 layout)
   240. scanning cellview (OAI32X4 layout)
   241. scanning cellview (OR2X1 layout)
   242. scanning cellview (OR2X2 layout)
   243. scanning cellview (OR2X4 layout)
   244. scanning cellview (OR2X6 layout)
   245. scanning cellview (OR2XL layout)
   246. scanning cellview (OR3X2 layout)
   247. scanning cellview (OR3X4 layout)
   248. scanning cellview (OR4X1 layout)
   249. scanning cellview (OR4X2 layout)
   250. scanning cellview (OR4X4 layout)
   251. scanning cellview (OR4XL layout)
   252. scanning cellview (TIEHI layout)
   253. scanning cellview (XNOR2X1 layout)
   254. scanning cellview (XNOR2X2 layout)
   255. scanning cellview (XNOR2XL layout)
   256. scanning cellview (XOR2X1 layout)
   257. scanning cellview (XOR2X2 layout)
   258. scanning cellview (XOR2XL layout)

PASS 2...
* Fatal * dbCreateLib: cannot create library 'CHIP'  because ddCreateLib: The directory '/net/home/ywtseng/cvsd/final' for lib 'CHIP' does not exist.
FATAL (66): Failed to create the target library `CHIP' in the run directory. Check that you have permissions to create the target library.
